app/build/intermediates/manifest_merge_blame_file/debug/manifest-merger-blame-debug-report.txt
1<?xml version="1.0" encoding="utf-8"?>
2<manifest xmlns:android="http://schemas.android.com/apk/res/android"
3    package="com.example.pi_app"
4    android:versionCode="1"
5    android:versionName="1.0" >
6
7    <uses-sdk
8        android:minSdkVersion="24"
8-->src\main\AndroidManifest.xml
9        android:targetSdkVersion="33" />
9-->src\main\AndroidManifest.xml
10
11    <uses-permission android:name="android.permission.INTERNET" />
11-->src\main\AndroidManifest.xml:5:5-67
11-->src\main\AndroidManifest.xml:5:22-64
12
13    <permission
13-->[androidx.core:core:1.9.0] AndroidManifest.xml:22:5-24:47
14        android:name="com.example.pi_app.DYNAMIC_RECEIVER_NOT_EXPORTED_PERMISSION"
14-->[androidx.core:core:1.9.0] AndroidManifest.xml:23:9-81
15        android:protectionLevel="signature" />
15-->[androidx.core:core:1.9.0] AndroidManifest.xml:24:9-44
16
17    <uses-permission android:name="com.example.pi_app.DYNAMIC_RECEIVER_NOT_EXPORTED_PERMISSION" />
17-->[androidx.core:core:1.9.0] AndroidManifest.xml:26:5-97
17-->[androidx.core:core:1.9.0] AndroidManifest.xml:26:22-94
18
19    <application
19-->src\main\AndroidManifest.xml:7:5-93:19
20        android:allowBackup="true"
20-->src\main\AndroidManifest.xml:8:9-35
21        android:appComponentFactory="androidx.core.app.CoreComponentFactory"
21-->[androidx.core:core:1.9.0] AndroidManifest.xml:28:18-86
22        android:dataExtractionRules="@xml/data_extraction_rules"
22-->src\main\AndroidManifest.xml:9:9-65
23        android:debuggable="true"
24        android:extractNativeLibs="false"
25        android:fullBackupContent="@xml/backup_rules"
25-->src\main\AndroidManifest.xml:10:9-54
26        android:icon="@mipmap/ic_launcher"
26-->src\main\AndroidManifest.xml:11:9-43
27        android:label="@string/app_name"
27-->src\main\AndroidManifest.xml:12:9-41
28        android:supportsRtl="true"
28-->src\main\AndroidManifest.xml:13:9-35
29        android:testOnly="true"
30        android:theme="@style/Theme.PiApp"
30-->src\main\AndroidManifest.xml:14:9-43
31        android:usesCleartextTraffic="true" >
31-->src\main\AndroidManifest.xml:15:9-44
32        <activity
32-->src\main\AndroidManifest.xml:17:9-25:20
33            android:name="com.example.pi_app.SplashScreenActivity"
33-->src\main\AndroidManifest.xml:18:13-49
34            android:exported="true"
34-->src\main\AndroidManifest.xml:20:13-36
35            android:theme="@style/SplashTheme" >
35-->src\main\AndroidManifest.xml:19:13-47
36            <intent-filter>
36-->src\main\AndroidManifest.xml:21:9-24:25
37                <action android:name="android.intent.action.MAIN" />
37-->src\main\AndroidManifest.xml:22:13-65
37-->src\main\AndroidManifest.xml:22:21-62
38
39                <category android:name="android.intent.category.LAUNCHER" />
39-->src\main\AndroidManifest.xml:23:13-73
39-->src\main\AndroidManifest.xml:23:23-70
40            </intent-filter>
41        </activity>
42        <activity
42-->src\main\AndroidManifest.xml:26:9-28:40
43            android:name="com.example.pi_app.DetailBarage"
43-->src\main\AndroidManifest.xml:27:13-41
44            android:exported="false" />
44-->src\main\AndroidManifest.xml:28:13-37
45        <activity
45-->src\main\AndroidManifest.xml:29:9-31:40
46            android:name="com.example.pi_app.DetailuserActivity"
46-->src\main\AndroidManifest.xml:30:13-47
47            android:exported="false" />
47-->src\main\AndroidManifest.xml:31:13-37
48        <activity
48-->src\main\AndroidManifest.xml:32:9-34:40
49            android:name="com.example.pi_app.NodeValues"
49-->src\main\AndroidManifest.xml:33:13-39
50            android:exported="false" />
50-->src\main\AndroidManifest.xml:34:13-37
51        <activity
51-->src\main\AndroidManifest.xml:35:9-37:40
52            android:name="com.example.pi_app.ChartTurbidity"
52-->src\main\AndroidManifest.xml:36:13-43
53            android:exported="false" />
53-->src\main\AndroidManifest.xml:37:13-37
54        <activity
54-->src\main\AndroidManifest.xml:38:9-40:40
55            android:name="com.example.pi_app.ChartPh"
55-->src\main\AndroidManifest.xml:39:13-36
56            android:exported="false" />
56-->src\main\AndroidManifest.xml:40:13-37
57        <activity
57-->src\main\AndroidManifest.xml:41:9-43:40
58            android:name="com.example.pi_app.ChartHumidity"
58-->src\main\AndroidManifest.xml:42:13-42
59            android:exported="false" />
59-->src\main\AndroidManifest.xml:43:13-37
60        <activity
60-->src\main\AndroidManifest.xml:44:9-46:40
61            android:name="com.example.pi_app.ChartTemperature"
61-->src\main\AndroidManifest.xml:45:13-45
62            android:exported="false" />
62-->src\main\AndroidManifest.xml:46:13-37
63        <activity
63-->src\main\AndroidManifest.xml:47:9-49:40
64            android:name="com.example.pi_app.admin_user_una_detail"
64-->src\main\AndroidManifest.xml:48:13-50
65            android:exported="false" />
65-->src\main\AndroidManifest.xml:49:13-37
66        <activity
66-->src\main\AndroidManifest.xml:50:9-52:40
67            android:name="com.example.pi_app.listuser_admin"
67-->src\main\AndroidManifest.xml:51:13-43
68            android:exported="false" />
68-->src\main\AndroidManifest.xml:52:13-37
69        <activity
69-->src\main\AndroidManifest.xml:53:9-55:40
70            android:name="com.example.pi_app.statActivity"
70-->src\main\AndroidManifest.xml:54:13-41
71            android:exported="false" />
71-->src\main\AndroidManifest.xml:55:13-37
72        <activity
72-->src\main\AndroidManifest.xml:56:9-58:40
73            android:name="com.example.pi_app.listbarage"
73-->src\main\AndroidManifest.xml:57:13-39
74            android:exported="false" />
74-->src\main\AndroidManifest.xml:58:13-37
75        <activity
75-->src\main\AndroidManifest.xml:59:9-61:40
76            android:name="com.example.pi_app.userDetail"
76-->src\main\AndroidManifest.xml:60:13-39
77            android:exported="false" />
77-->src\main\AndroidManifest.xml:61:13-37
78        <activity
78-->src\main\AndroidManifest.xml:62:9-64:40
79            android:name="com.example.pi_app.listUser"
79-->src\main\AndroidManifest.xml:63:13-37
80            android:exported="false" />
80-->src\main\AndroidManifest.xml:64:13-37
81        <activity
81-->src\main\AndroidManifest.xml:65:9-67:40
82            android:name="com.example.pi_app.admin_accueil"
82-->src\main\AndroidManifest.xml:66:13-42
83            android:exported="false" />
83-->src\main\AndroidManifest.xml:67:13-37
84        <activity
84-->src\main\AndroidManifest.xml:68:9-70:40
85            android:name="com.example.pi_app.ResetPassword"
85-->src\main\AndroidManifest.xml:69:13-42
86            android:exported="false" />
86-->src\main\AndroidManifest.xml:70:13-37
87        <activity
87-->src\main\AndroidManifest.xml:71:9-73:40
88            android:name="com.example.pi_app.CodeActivity"
88-->src\main\AndroidManifest.xml:72:13-41
89            android:exported="false" />
89-->src\main\AndroidManifest.xml:73:13-37
90        <activity
90-->src\main\AndroidManifest.xml:74:9-76:40
91            android:name="com.example.pi_app.accountActivity"
91-->src\main\AndroidManifest.xml:75:13-44
92            android:exported="false" />
92-->src\main\AndroidManifest.xml:76:13-37
93        <activity
93-->src\main\AndroidManifest.xml:77:9-79:40
94            android:name="com.example.pi_app.accueilActivity"
94-->src\main\AndroidManifest.xml:78:13-44
95            android:exported="false" />
95-->src\main\AndroidManifest.xml:79:13-37
96        <activity
96-->src\main\AndroidManifest.xml:80:9-82:40
97            android:name="com.example.pi_app.Sign_up_activity"
97-->src\main\AndroidManifest.xml:81:13-45
98            android:exported="false" />
98-->src\main\AndroidManifest.xml:82:13-37
99        <activity
99-->src\main\AndroidManifest.xml:83:9-85:40
100            android:name="com.example.pi_app.Profil_activity"
100-->src\main\AndroidManifest.xml:84:13-44
101            android:exported="false" />
101-->src\main\AndroidManifest.xml:85:13-37
102        <activity
102-->src\main\AndroidManifest.xml:86:9-88:40
103            android:name="com.example.pi_app.MainActivity"
103-->src\main\AndroidManifest.xml:87:13-41
104            android:exported="false" />
104-->src\main\AndroidManifest.xml:88:13-37
105        <activity
105-->src\main\AndroidManifest.xml:89:9-91:38
106            android:name="com.example.pi_app.LoginActivity"
106-->src\main\AndroidManifest.xml:90:13-42
107            android:exported="true" />
107-->src\main\AndroidManifest.xml:91:13-36
108
109        <provider
109-->[androidx.emoji2:emoji2:1.2.0] AndroidManifest.xml:24:9-32:20
110            android:name="androidx.startup.InitializationProvider"
110-->[androidx.emoji2:emoji2:1.2.0] AndroidManifest.xml:25:13-67
111            android:authorities="com.example.pi_app.androidx-startup"
111-->[androidx.emoji2:emoji2:1.2.0] AndroidManifest.xml:26:13-68
112            android:exported="false" >
112-->[androidx.emoji2:emoji2:1.2.0] AndroidManifest.xml:27:13-37
113            <meta-data
113-->[androidx.emoji2:emoji2:1.2.0] AndroidManifest.xml:29:13-31:52
114                android:name="androidx.emoji2.text.EmojiCompatInitializer"
114-->[androidx.emoji2:emoji2:1.2.0] AndroidManifest.xml:30:17-75
115                android:value="androidx.startup" />
115-->[androidx.emoji2:emoji2:1.2.0] AndroidManifest.xml:31:17-49
116            <meta-data
116-->[androidx.lifecycle:lifecycle-process:2.4.1] AndroidManifest.xml:31:13-33:52
117                android:name="androidx.lifecycle.ProcessLifecycleInitializer"
117-->[androidx.lifecycle:lifecycle-process:2.4.1] AndroidManifest.xml:32:17-78
118                android:value="androidx.startup" />
118-->[androidx.lifecycle:lifecycle-process:2.4.1] AndroidManifest.xml:33:17-49
119        </provider>
120    </application>
121
122</manifest>